2023-12-04 17:24:25:2425 [35mhttp[39m: [35mGET / 304 - - 3.176 ms[39m
[35m[39m
2023-12-04 17:24:30:2430 [35mhttp[39m: [35mGET / 304 - - 0.890 ms[39m
[35m[39m
2023-12-04 17:25:09:259 [35mhttp[39m: [35mGET / 304 - - 0.956 ms[39m
[35m[39m
2023-12-04 17:26:03:263 [35mhttp[39m: [35mGET / 304 - - 3.517 ms[39m
[35m[39m
2023-12-04 17:27:30:2730 [30mhttp[39m: [30mGET / 304 - - 2.979 ms[39m
[30m[39m
2023-12-04 17:27:44:2744 [33mhttp[39m: [33mGET / 304 - - 3.361 ms[39m
[33m[39m
2023-12-04 17:28:33:2833 [34mhttp[39m: [34mGET / 304 - - 3.387 ms[39m
[34m[39m
2023-12-04 17:29:18:2918 [34mhttp[39m: [34mGET / 304 - - 3.779 ms[39m
[34m[39m
2023-12-04 19:07:47:747 [34mhttp[39m: [34mGET / 304 - - 22.261 ms[39m
[34m[39m
2023-12-04 20:50:03:503 [34mhttp[39m: [34mGET / 304 - - 2.260 ms[39m
[34m[39m
2023-12-04 20:50:08:508 [34mhttp[39m: [34mGET /users 404 144 - 3.432 ms[39m
[34m[39m
2023-12-04 20:50:22:5022 [34mhttp[39m: [34mGET /users 404 144 - 2.581 ms[39m
[34m[39m
2023-12-04 20:50:23:5023 [34mhttp[39m: [34mGET /users 404 144 - 0.772 ms[39m
[34m[39m
2023-12-04 20:50:30:5030 [34mhttp[39m: [34mGET /api/v1/users 200 2 - 105.206 ms[39m
[34m[39m
2023-12-04 20:50:31:5031 [34mhttp[39m: [34mGET /api/v1/users 304 - - 3.180 ms[39m
[34m[39m
2023-12-04 20:50:31:5031 [34mhttp[39m: [34mGET /api/v1/users 304 - - 2.688 ms[39m
[34m[39m
2023-12-04 20:52:07:527 [34mhttp[39m: [34mGET /api/v1/users 200 2 - 63.669 ms[39m
[34m[39m
2023-12-04 20:52:07:527 [34mhttp[39m: [34mGET /favicon.ico 404 150 - 1.586 ms[39m
[34m[39m
2023-12-04 21:05:35:535 [34mhttp[39m: [34mGET /api/v1/users 304 - - 108.466 ms[39m
[34m[39m
2023-12-04 21:05:35:535 [34mhttp[39m: [34mGET /api/v1/users 304 - - 2.534 ms[39m
[34m[39m
2023-12-04 21:12:24:1224 [34mhttp[39m: [34mPOST /api/v1/users 201 82 - 207.109 ms[39m
[34m[39m
2023-12-04 21:32:08:328 [34mhttp[39m: [34mPOST /api/v1/users 400 66 - 16.841 ms[39m
[34m[39m
2023-12-04 21:32:14:3214 [34mhttp[39m: [34mPOST /api/v1/users 400 43 - 2.312 ms[39m
[34m[39m
2023-12-04 21:32:24:3224 [34mhttp[39m: [34mPOST /api/v1/users 400 66 - 1.740 ms[39m
[34m[39m
2023-12-04 21:32:31:3231 [34mhttp[39m: [34mPOST /api/v1/users 201 80 - 68.376 ms[39m
[34m[39m
2023-12-04 21:32:42:3242 [34mhttp[39m: [34mGET /api/v1/users 200 117 - 3.486 ms[39m
[34m[39m
2023-12-05 13:34:45:3445 [34mhttp[39m: [34mGET / 404 139 - 3.050 ms[39m
[34m[39m
2023-12-05 13:34:49:3449 [34mhttp[39m: [34mGET /api/v1/users 200 117 - 119.723 ms[39m
[34m[39m
2023-12-05 13:34:49:3449 [34mhttp[39m: [34mGET /favicon.ico 404 150 - 0.691 ms[39m
[34m[39m
2023-12-05 13:34:51:3451 [34mhttp[39m: [34mGET /api/v1/users 304 - - 2.950 ms[39m
[34m[39m
